build/app/outputs/mapping/release/mapping.txt
# compiler: R8
# compiler_version: 1.5.64
# min_api: 16
# pg_map_id: d7ae549
...
com.google.firebase.database.core.RepoManager -> com.google.firebase.database.v.q:
    java.util.Map repos -> a
    com.google.firebase.database.core.RepoManager instance -> b
    com.google.firebase.database.core.Repo createLocalRepo(com.google.firebase.database.core.Context,com.google.firebase.database.core.RepoInfo,com.google.firebase.database.FirebaseDatabase) -> a
    void interrupt(com.google.firebase.database.core.Repo) -> a
    com.google.firebase.database.core.Repo createRepo(com.google.firebase.database.core.Context,com.google.firebase.database.core.RepoInfo,com.google.firebase.database.FirebaseDatabase) -> b
    void resume(com.google.firebase.database.core.Repo) -> b
com.google.firebase.database.core.RepoManager$1 -> com.google.firebase.database.v.q$a:
    com.google.firebase.database.core.Repo val$repo -> b
com.google.firebase.database.core.RepoManager$2 -> com.google.firebase.database.v.q$b:
    com.google.firebase.database.core.Repo val$repo -> b
com.google.firebase.database.core.RunLoop -> com.google.firebase.database.v.r:
    void restart() -> a
    void scheduleNow(java.lang.Runnable) -> a
com.google.firebase.database.core.ServerValues -> com.google.firebase.database.v.s:
    java.util.Map generateServerValues(com.google.firebase.database.core.utilities.Clock) -> a
    java.lang.Object resolveDeferredValue(java.lang.Object,java.util.Map) -> a
    com.google.firebase.database.core.CompoundWrite resolveDeferredValueMerge(com.google.firebase.database.core.CompoundWrite,java.util.Map) -> a
    com.google.firebase.database.snapshot.Node resolveDeferredValueSnapshot(com.google.firebase.database.snapshot.Node,java.util.Map) -> a
    com.google.firebase.database.core.SparseSnapshotTree resolveDeferredValueTree(com.google.firebase.database.core.SparseSnapshotTree,java.util.Map) -> a
com.google.firebase.database.core.ServerValues$1 -> com.google.firebase.database.v.s$a:
    java.util.Map val$serverValues -> b
    com.google.firebase.database.core.SparseSnapshotTree val$resolvedTree -> a
    void visitTree(com.google.firebase.database.core.Path,com.google.firebase.database.snapshot.Node) -> a
com.google.firebase.database.core.ServerValues$2 -> com.google.firebase.database.v.s$b:
    java.util.Map val$serverValues -> a
    com.google.firebase.database.core.SnapshotHolder val$holder -> b
    void visitChild(com.google.firebase.database.snapshot.ChildKey,com.google.firebase.database.snapshot.Node) -> a
com.google.firebase.database.core.SnapshotHolder -> com.google.firebase.database.v.t:
    com.google.firebase.database.snapshot.Node rootNode -> a
    com.google.firebase.database.snapshot.Node getNode(com.google.firebase.database.core.Path) -> a
    com.google.firebase.database.snapshot.Node getRootNode() -> a
    void update(com.google.firebase.database.core.Path,com.google.firebase.database.snapshot.Node) -> a
com.google.firebase.database.core.SparseSnapshotTree -> com.google.firebase.database.v.u:
    java.util.Map children -> b
    com.google.firebase.database.snapshot.Node value -> a
    void forEachChild(com.google.firebase.database.core.SparseSnapshotTree$SparseSnapshotChildVisitor) -> a
    void forEachTree(com.google.firebase.database.core.Path,com.google.firebase.database.core.SparseSnapshotTree$SparseSnapshotTreeVisitor) -> a
    boolean forget(com.google.firebase.database.core.Path) -> a
    void remember(com.google.firebase.database.core.Path,com.google.firebase.database.snapshot.Node) -> a
com.google.firebase.database.core.SparseSnapshotTree$1 -> com.google.firebase.database.v.u$a:
    com.google.firebase.database.core.SparseSnapshotTree this$0 -> b
    com.google.firebase.database.core.Path val$path -> a
    void visitChild(com.google.firebase.database.snapshot.ChildKey,com.google.firebase.database.snapshot.Node) -> a